  SPH.cpp
c:\users\freddy\source\repos\sph\sph\sph.cpp(114): warning C4305: 'initializing': truncation from 'double' to 'float'
c:\users\freddy\source\repos\sph\sph\sph.cpp(116): warning C4244: 'initializing': conversion from 'double' to 'float', possible loss of data
c:\users\freddy\source\repos\sph\sph\sph.cpp(117): warning C4244: 'initializing': conversion from 'double' to 'float', possible loss of data
c:\users\freddy\source\repos\sph\sph\sph.cpp(118): warning C4244: 'initializing': conversion from 'double' to 'float', possible loss of data
c:\users\freddy\source\repos\sph\sph\sph.cpp(119): warning C4244: 'initializing': conversion from 'double' to 'float', possible loss of data
c:\users\freddy\source\repos\sph\sph\sph.cpp(146): warning C4018: '<': signed/unsigned mismatch
c:\users\freddy\source\repos\sph\sph\sph.cpp(154): warning C4244: 'initializing': conversion from 'double' to 'float', possible loss of data
c:\users\freddy\source\repos\sph\sph\sph.cpp(160): warning C4244: 'initializing': conversion from 'double' to 'float', possible loss of data
c:\users\freddy\source\repos\sph\sph\sph.cpp(163): warning C4244: 'initializing': conversion from 'double' to 'float', possible loss of data
c:\users\freddy\source\repos\sph\sph\sph.cpp(164): warning C4244: 'initializing': conversion from 'double' to 'float', possible loss of data
c:\users\freddy\source\repos\sph\sph\sph.cpp(166): warning C4244: 'initializing': conversion from 'double' to 'float', possible loss of data
c:\users\freddy\source\repos\sph\sph\sph.cpp(167): warning C4244: 'initializing': conversion from 'double' to 'float', possible loss of data
c:\users\freddy\source\repos\sph\sph\sph.cpp(222): warning C4018: '<': signed/unsigned mismatch
c:\users\freddy\source\repos\sph\sph\sph.cpp(247): warning C4305: 'initializing': truncation from 'double' to 'float'
c:\users\freddy\source\repos\sph\sph\sph.cpp(250): warning C4244: 'initializing': conversion from 'double' to 'float', possible loss of data
c:\users\freddy\source\repos\sph\sph\sph.cpp(265): warning C4244: 'initializing': conversion from 'double' to 'float', possible loss of data
c:\users\freddy\source\repos\sph\sph\sph.cpp(281): warning C4244: 'initializing': conversion from 'double' to 'float', possible loss of data
c:\users\freddy\source\repos\sph\sph\sph.cpp(295): warning C4244: 'initializing': conversion from 'double' to 'float', possible loss of data
c:\users\freddy\source\repos\sph\sph\sph.cpp(310): warning C4244: 'initializing': conversion from 'double' to 'float', possible loss of data
c:\users\freddy\source\repos\sph\sph\sph.cpp(324): warning C4244: 'initializing': conversion from 'double' to 'float', possible loss of data
  SPH.vcxproj -> C:\Users\Freddy\source\repos\SPH\Debug\SPH.exe
